<?xml version="1.0" encoding="UTF-8"?>
<!-- Generated by org.testng.reporters.JUnitReportReporter -->
<testsuite hostname="SINGH" failures="0" tests="1" name="StandAlone" time="93.843" errors="0" timestamp="2023-12-25T10:23:01 IST" skipped="0">
  <testcase classname="StandAlone" name="loginTest" time="93.843"/>
  <system-out/>
</testsuite> <!-- StandAlone -->
