<?xml version="1.0" encoding="UTF-8"?>
<!-- Generated by org.testng.reporters.JUnitReportReporter -->
<testsuite hostname="SINGH" failures="0" tests="4" name="com.shopping.ecommerce.testCases.LoginTest_TC002" time="24.590" errors="0" timestamp="2023-12-26T19:34:43 IST" skipped="0">
  <testcase classname="com.shopping.ecommerce.testCases.LoginTest_TC002" name="loginDDT" time="12.349"/>
  <system-out/>
  <testcase classname="com.shopping.ecommerce.testCases.LoginTest_TC002" name="loginDDT" time="7.226"/>
  <system-out/>
  <testcase classname="com.shopping.ecommerce.testCases.LoginTest_TC002" name="loginDDT" time="2.816"/>
  <system-out/>
  <testcase classname="com.shopping.ecommerce.testCases.LoginTest_TC002" name="loginDDT" time="2.199"/>
  <system-out/>
</testsuite> <!-- com.shopping.ecommerce.testCases.LoginTest_TC002 -->
