<?xml version="1.0" encoding="UTF-8"?>
<!-- Generated by org.testng.reporters.JUnitReportReporter -->
<testsuite hostname="SINGH" failures="0" tests="1" name="com.shopping.ecommerce.testCases.BuyProductTest_TC001" time="64.218" errors="0" timestamp="2023-12-27T20:51:15 IST" skipped="0">
  <testcase classname="com.shopping.ecommerce.testCases.BuyProductTest_TC001" name="buyProductTest" time="64.218"/>
  <system-out/>
</testsuite> <!-- com.shopping.ecommerce.testCases.BuyProductTest_TC001 -->
