<?xml version="1.0" encoding="UTF-8"?>
<!-- Generated by org.testng.reporters.JUnitReportReporter -->
<testsuite hostname="SINGH" failures="0" tests="1" name="com.shopping.ecommerce.testCases.LoginTest_TC001" time="7.854" errors="0" timestamp="2023-12-26T19:34:43 IST" skipped="0">
  <testcase classname="com.shopping.ecommerce.testCases.LoginTest_TC001" name="login" time="7.854"/>
  <system-out/>
</testsuite> <!-- com.shopping.ecommerce.testCases.LoginTest_TC001 -->
