<?xml version="1.0" encoding="UTF-8"?>
<!-- Generated by org.testng.reporters.JUnitReportReporter -->
<testsuite hostname="SINGH" failures="0" tests="1" name="com.shopping.ecommerce.testCases.LoginTest_TC001" time="8.958" errors="0" timestamp="2023-12-28T12:18:25 IST" skipped="0">
  <testcase classname="com.shopping.ecommerce.testCases.LoginTest_TC001" name="login" time="8.958"/>
  <system-out/>
</testsuite> <!-- com.shopping.ecommerce.testCases.LoginTest_TC001 -->
