<?xml version="1.0" encoding="UTF-8"?>
<!-- Generated by org.testng.reporters.JUnitReportReporter -->
<testsuite hostname="SINGH" failures="0" tests="4" name="com.shopping.ecommerce.testCases.LoginTest_TC002" time="50.713" errors="0" timestamp="2023-12-27T21:01:54 IST" skipped="0">
  <testcase classname="com.shopping.ecommerce.testCases.LoginTest_TC002" name="loginDDT" time="1.882"/>
  <system-out/>
  <testcase classname="com.shopping.ecommerce.testCases.LoginTest_TC002" name="loginDDT" time="1.369"/>
  <system-out/>
  <testcase classname="com.shopping.ecommerce.testCases.LoginTest_TC002" name="loginDDT" time="4.991"/>
  <system-out/>
  <testcase classname="com.shopping.ecommerce.testCases.LoginTest_TC002" name="loginDDT" time="42.471"/>
  <system-out/>
</testsuite> <!-- com.shopping.ecommerce.testCases.LoginTest_TC002 -->
