<?xml version="1.0" encoding="UTF-8"?>
<!-- Generated by org.testng.reporters.JUnitReportReporter -->
<testsuite hostname="SINGH" failures="0" tests="1" name="com.shopping.ecommerce.testCases.BuyProductTest_TC001" time="35.954" errors="0" timestamp="2023-12-27T21:01:54 IST" skipped="0">
  <testcase classname="com.shopping.ecommerce.testCases.BuyProductTest_TC001" name="buyProductTest" time="35.954"/>
  <system-out/>
</testsuite> <!-- com.shopping.ecommerce.testCases.BuyProductTest_TC001 -->
